Release 14.4 - xst P.49d (nt)
Copyright (c) 1995-2012 Xilinx, Inc.  All rights reserved.
--> Parameter TMPDIR set to xst/projnav.tmp


Total REAL time to Xst completion: 0.00 secs
Total CPU time to Xst completion: 0.21 secs
 
--> Parameter xsthdpdir set to xst


Total REAL time to Xst completion: 0.00 secs
Total CPU time to Xst completion: 0.21 secs
 
--> Reading design: trafficsystem.prj

TABLE OF CONTENTS
  1) Synthesis Options Summary
  2) HDL Compilation
  3) Design Hierarchy Analysis
  4) HDL Analysis
  5) HDL Synthesis
     5.1) HDL Synthesis Report
  6) Advanced HDL Synthesis
     6.1) Advanced HDL Synthesis Report
  7) Low Level Synthesis
  8) Partition Report
  9) Final Report
	9.1) Device utilization summary
	9.2) Partition Resource Summary
	9.3) TIMING REPORT


=========================================================================
*                      Synthesis Options Summary                        *
=========================================================================
---- Source Parameters
Input File Name                    : "trafficsystem.prj"
Input Format                       : mixed
Ignore Synthesis Constraint File   : NO

---- Target Parameters
Output File Name                   : "trafficsystem"
Output Format                      : NGC
Target Device                      : xc3s100e-4-cp132

---- Source Options
Top Module Name                    : trafficsystem
Automatic FSM Extraction           : YES
FSM Encoding Algorithm             : Auto
Safe Implementation                : No
FSM Style                          : LUT
RAM Extraction                     : Yes
RAM Style                          : Auto
ROM Extraction                     : Yes
Mux Style                          : Auto
Decoder Extraction                 : YES
Priority Encoder Extraction        : Yes
Shift Register Extraction          : YES
Logical Shifter Extraction         : YES
XOR Collapsing                     : YES
ROM Style                          : Auto
Mux Extraction                     : Yes
Resource Sharing                   : YES
Asynchronous To Synchronous        : NO
Multiplier Style                   : Auto
Automatic Register Balancing       : No

---- Target Options
Add IO Buffers                     : YES
Global Maximum Fanout              : 500
Add Generic Clock Buffer(BUFG)     : 24
Register Duplication               : YES
Slice Packing                      : YES
Optimize Instantiated Primitives   : NO
Use Clock Enable                   : Yes
Use Synchronous Set                : Yes
Use Synchronous Reset              : Yes
Pack IO Registers into IOBs        : Auto
Equivalent register Removal        : YES

---- General Options
Optimization Goal                  : Speed
Optimization Effort                : 1
Keep Hierarchy                     : No
Netlist Hierarchy                  : As_Optimized
RTL Output                         : Yes
Global Optimization                : AllClockNets
Read Cores                         : YES
Write Timing Constraints           : NO
Cross Clock Analysis               : NO
Hierarchy Separator                : /
Bus Delimiter                      : <>
Case Specifier                     : Maintain
Slice Utilization Ratio            : 100
BRAM Utilization Ratio             : 100
Verilog 2001                       : YES
Auto BRAM Packing                  : NO
Slice Utilization Ratio Delta      : 5

=========================================================================


=========================================================================
*                          HDL Compilation                              *
=========================================================================
Compiling verilog file "clockdiv.v" in library work
Compiling verilog file "trafficsystem.v" in library work
Module <clockdivider> compiled
Module <trafficsystem> compiled
No errors in compilation
Analysis of file <"trafficsystem.prj"> succeeded.
 

=========================================================================
*                     Design Hierarchy Analysis                         *
=========================================================================
Analyzing hierarchy for module <trafficsystem> in library <work> with parameters.
	GreenRed = "00000000000000000000000000000011"
	RedGreen = "00000000000000000000000000000010"
	RedRedforEW = "00000000000000000000000000000101"
	RedRedforNS = "00000000000000000000000000000000"
	RedYellow = "00000000000000000000000000000001"
	RedYellowforEW = "00000000000000000000000000000111"
	RedYellowforNS = "00000000000000000000000000000110"
	YellowRed = "00000000000000000000000000000100"
	YellowRedforEW = "00000000000000000000000000001001"
	YellowRedforNS = "00000000000000000000000000001000"

Analyzing hierarchy for module <clockdivider> in library <work> with parameters.
	DivVal = "00000001011111010111100001000000"


=========================================================================
*                            HDL Analysis                               *
=========================================================================
Analyzing top module <trafficsystem>.
	GreenRed = 32'sb00000000000000000000000000000011
	RedGreen = 32'sb00000000000000000000000000000010
	RedRedforEW = 32'sb00000000000000000000000000000101
	RedRedforNS = 32'sb00000000000000000000000000000000
	RedYellow = 32'sb00000000000000000000000000000001
	RedYellowforEW = 32'sb00000000000000000000000000000111
	RedYellowforNS = 32'sb00000000000000000000000000000110
	YellowRed = 32'sb00000000000000000000000000000100
	YellowRedforEW = 32'sb00000000000000000000000000001001
	YellowRedforNS = 32'sb00000000000000000000000000001000
Module <trafficsystem> is correct for synthesis.
 
Analyzing module <clockdivider> in library <work>.
	DivVal = 32'sb00000001011111010111100001000000
Module <clockdivider> is correct for synthesis.
 

=========================================================================
*                           HDL Synthesis                               *
=========================================================================

Performing bidirectional port resolution...

Synthesizing Unit <clockdivider>.
    Related source file is "clockdiv.v".
    Found 1-bit register for signal <ClkOut>.
    Found 1-bit register for signal <ClkInt>.
    Found 25-bit up counter for signal <DivCnt>.
    Summary:
	inferred   1 Counter(s).
	inferred   2 D-type flip-flop(s).
Unit <clockdivider> synthesized.


Synthesizing Unit <trafficsystem>.
    Related source file is "trafficsystem.v".
    Register <state> equivalent to <nextState> has been removed
    Found 1-bit register for signal <Gew>.
    Found 1-bit register for signal <Gns>.
    Found 1-bit register for signal <Rew>.
    Found 1-bit register for signal <Rns>.
    Found 1-bit register for signal <Yew>.
    Found 1-bit register for signal <Yns>.
    Found 2-bit up counter for signal <ewSensorWait>.
    Found 4-bit register for signal <nextState>.
    Found 2-bit up counter for signal <nsSensorWait>.
    Found 2-bit adder for signal <old_ewSensorWait_2$add0000> created at line 116.
    Found 2-bit adder for signal <old_nsSensorWait_1$add0000> created at line 73.
    Summary:
	inferred   2 Counter(s).
	inferred  10 D-type flip-flop(s).
	inferred   2 Adder/Subtractor(s).
Unit <trafficsystem> synthesized.


=========================================================================
HDL Synthesis Report

Macro Statistics
# Adders/Subtractors                                   : 2
 2-bit adder                                           : 2
# Counters                                             : 3
 2-bit up counter                                      : 2
 25-bit up counter                                     : 1
# Registers                                            : 9
 1-bit register                                        : 8
 4-bit register                                        : 1

=========================================================================

=========================================================================
*                       Advanced HDL Synthesis                          *
=========================================================================


=========================================================================
Advanced HDL Synthesis Report

Macro Statistics
# Adders/Subtractors                                   : 2
 2-bit adder                                           : 2
# Counters                                             : 3
 2-bit up counter                                      : 2
 25-bit up counter                                     : 1
# Registers                                            : 12
 Flip-Flops                                            : 12

=========================================================================

=========================================================================
*                         Low Level Synthesis                           *
=========================================================================

Optimizing unit <trafficsystem> ...

Mapping all equations...
Building and optimizing final netlist ...
Found area constraint ratio of 100 (+ 5) on block trafficsystem, actual ratio is 3.

Final Macro Processing ...

=========================================================================
Final Register Report

Macro Statistics
# Registers                                            : 41
 Flip-Flops                                            : 41

=========================================================================

=========================================================================
*                           Partition Report                            *
=========================================================================

Partition Implementation Status
-------------------------------

  No Partitions were found in this design.

-------------------------------

=========================================================================
*                            Final Report                               *
=========================================================================
Final Results
RTL Top Level Output File Name     : trafficsystem.ngr
Top Level Output File Name         : trafficsystem
Output Format                      : NGC
Optimization Goal                  : Speed
Keep Hierarchy                     : No

Design Statistics
# IOs                              : 9

Cell Usage :
# BELS                             : 119
#      GND                         : 1
#      INV                         : 5
#      LUT1                        : 24
#      LUT2                        : 3
#      LUT3                        : 3
#      LUT4                        : 22
#      LUT4_L                      : 2
#      MUXCY                       : 31
#      MUXF5                       : 2
#      VCC                         : 1
#      XORCY                       : 25
# FlipFlops/Latches                : 41
#      FD                          : 4
#      FDE                         : 1
#      FDR                         : 27
#      FDRE                        : 4
#      FDRS                        : 2
#      FDS                         : 3
# Clock Buffers                    : 1
#      BUFGP                       : 1
# IO Buffers                       : 8
#      IBUF                        : 2
#      OBUF                        : 6
=========================================================================

Device utilization summary:
---------------------------

Selected Device : 3s100ecp132-4 

 Number of Slices:                       30  out of    960     3%  
 Number of Slice Flip Flops:             41  out of   1920     2%  
 Number of 4 input LUTs:                 59  out of   1920     3%  
 Number of IOs:                           9
 Number of bonded IOBs:                   9  out of     83    10%  
 Number of GCLKs:                         1  out of     24     4%  

---------------------------
Partition Resource Summary:
---------------------------

  No Partitions were found in this design.

---------------------------


=========================================================================
TIMING REPORT

NOTE: THESE TIMING NUMBERS ARE ONLY A SYNTHESIS ESTIMATE.
      FOR ACCURATE TIMING INFORMATION PLEASE REFER TO THE TRACE REPORT
      GENERATED AFTER PLACE-and-ROUTE.

Clock Information:
------------------
-----------------------------------+------------------------+-------+
Clock Signal                       | Clock buffer(FF name)  | Load  |
-----------------------------------+------------------------+-------+
cd/ClkOut                          | NONE(Rns)              | 14    |
clk                                | BUFGP                  | 27    |
-----------------------------------+------------------------+-------+
INFO:Xst:2169 - HDL ADVISOR - Some clock signals were not automatically buffered by XST with BUFG/BUFR resources. Please use the buffer_type constraint in order to insert these buffers to the clock signals to help prevent skew problems.

Asynchronous Control Signals Information:
----------------------------------------
No asynchronous control signals found in this design

Timing Summary:
---------------
Speed Grade: -4

   Minimum period: 5.300ns (Maximum Frequency: 188.692MHz)
   Minimum input arrival time before clock: 3.986ns
   Maximum output required time after clock: 4.394ns
   Maximum combinational path delay: No path found

Timing Detail:
--------------
All values displayed in nanoseconds (ns)

=========================================================================
Timing constraint: Default period analysis for Clock 'cd/ClkOut'
  Clock period: 5.073ns (frequency: 197.122MHz)
  Total number of paths / destination ports: 138 / 31
-------------------------------------------------------------------------
Delay:               5.073ns (Levels of Logic = 2)
  Source:            nextState_3 (FF)
  Destination:       nsSensorWait_0 (FF)
  Source Clock:      cd/ClkOut rising
  Destination Clock: cd/ClkOut rising

  Data Path: nextState_3 to nsSensorWait_0
                                Gate     Net
    Cell:in->out      fanout   Delay   Delay  Logical Name (Net Name)
    ----------------------------------------  ------------
     FD:C->Q              14   0.591   1.079  nextState_3 (nextState_3)
     LUT4:I1->O            5   0.704   0.637  _old_nextState_3<2>39 (nsSensorWait_not0001)
     LUT4:I3->O            2   0.704   0.447  nsSensorWait_and00001 (nsSensorWait_and0000)
     FDRE:R                    0.911          nsSensorWait_0
    ----------------------------------------
    Total                      5.073ns (2.910ns logic, 2.163ns route)
                                       (57.4% logic, 42.6% route)

=========================================================================
Timing constraint: Default period analysis for Clock 'clk'
  Clock period: 5.300ns (frequency: 188.692MHz)
  Total number of paths / destination ports: 1002 / 53
-------------------------------------------------------------------------
Delay:               5.300ns (Levels of Logic = 8)
  Source:            cd/DivCnt_9 (FF)
  Destination:       cd/ClkOut (FF)
  Source Clock:      clk rising
  Destination Clock: clk rising

  Data Path: cd/DivCnt_9 to cd/ClkOut
                                Gate     Net
    Cell:in->out      fanout   Delay   Delay  Logical Name (Net Name)
    ----------------------------------------  ------------
     FDR:C->Q              2   0.591   0.622  cd/DivCnt_9 (cd/DivCnt_9)
     LUT4:I0->O            1   0.704   0.000  cd/ClkInt_cmp_eq0000_wg_lut<1> (cd/ClkInt_cmp_eq0000_wg_lut<1>)
     MUXCY:S->O            1   0.464   0.000  cd/ClkInt_cmp_eq0000_wg_cy<1> (cd/ClkInt_cmp_eq0000_wg_cy<1>)
     MUXCY:CI->O           1   0.059   0.000  cd/ClkInt_cmp_eq0000_wg_cy<2> (cd/ClkInt_cmp_eq0000_wg_cy<2>)
     MUXCY:CI->O           1   0.059   0.000  cd/ClkInt_cmp_eq0000_wg_cy<3> (cd/ClkInt_cmp_eq0000_wg_cy<3>)
     MUXCY:CI->O           1   0.059   0.000  cd/ClkInt_cmp_eq0000_wg_cy<4> (cd/ClkInt_cmp_eq0000_wg_cy<4>)
     MUXCY:CI->O           1   0.059   0.000  cd/ClkInt_cmp_eq0000_wg_cy<5> (cd/ClkInt_cmp_eq0000_wg_cy<5>)
     MUXCY:CI->O          27   0.331   1.340  cd/ClkInt_cmp_eq0000_wg_cy<6> (cd/ClkInt_cmp_eq0000)
     LUT2:I1->O            1   0.704   0.000  cd/ClkOut_mux00001 (cd/ClkOut_mux0000)
     FD:D                      0.308          cd/ClkOut
    ----------------------------------------
    Total                      5.300ns (3.338ns logic, 1.962ns route)
                                       (63.0% logic, 37.0% route)

=========================================================================
Timing constraint: Default OFFSET IN BEFORE for Clock 'cd/ClkOut'
  Total number of paths / destination ports: 7 / 7
-------------------------------------------------------------------------
Offset:              3.986ns (Levels of Logic = 2)
  Source:            ew_sensor (PAD)
  Destination:       ewSensorWait_0 (FF)
  Destination Clock: cd/ClkOut rising

  Data Path: ew_sensor to ewSensorWait_0
                                Gate     Net
    Cell:in->out      fanout   Delay   Delay  Logical Name (Net Name)
    ----------------------------------------  ------------
     IBUF:I->O             3   1.218   0.706  ew_sensor_IBUF (ew_sensor_IBUF)
     LUT4:I0->O            2   0.704   0.447  ewSensorWait_and00001 (ewSensorWait_and0000)
     FDRE:R                    0.911          ewSensorWait_0
    ----------------------------------------
    Total                      3.986ns (2.833ns logic, 1.153ns route)
                                       (71.1% logic, 28.9% route)

=========================================================================
Timing constraint: Default OFFSET OUT AFTER for Clock 'cd/ClkOut'
  Total number of paths / destination ports: 6 / 6
-------------------------------------------------------------------------
Offset:              4.394ns (Levels of Logic = 1)
  Source:            Rns (FF)
  Destination:       Rns (PAD)
  Source Clock:      cd/ClkOut rising

  Data Path: Rns to Rns
                                Gate     Net
    Cell:in->out      fanout   Delay   Delay  Logical Name (Net Name)
    ----------------------------------------  ------------
     FDS:C->Q              3   0.591   0.531  Rns (Rns_OBUF)
     OBUF:I->O                 3.272          Rns_OBUF (Rns)
    ----------------------------------------
    Total                      4.394ns (3.863ns logic, 0.531ns route)
                                       (87.9% logic, 12.1% route)

=========================================================================


Total REAL time to Xst completion: 11.00 secs
Total CPU time to Xst completion: 11.20 secs
 
--> 

Total memory usage is 199364 kilobytes

Number of errors   :    0 (   0 filtered)
Number of warnings :    0 (   0 filtered)
Number of infos    :    1 (   0 filtered)

